<?xml version="1.0" encoding="UTF-8"?>
<!-- Generated by org.testng.reporters.JUnitReportReporter -->
<testsuite skipped="0" hostname="W10x64" name="com.restAssure.basic.RetrievingAllProjects" tests="1" failures="0" timestamp="2021-09-24T12:43:09 IST" time="2.505" errors="0">
  <testcase name="getAllProjects" time="2.505" classname="com.restAssure.basic.RetrievingAllProjects"/>
  <system-out/>
</testsuite> <!-- com.restAssure.basic.RetrievingAllProjects -->
